<?xml version="1.0" encoding="UTF-8"?>
<!-- Generated by org.testng.reporters.JUnitReportReporter -->
<testsuite hostname="DESKTOP-AV62DVG" failures="0" tests="1" name="validLoginTesting.SponsorsValidations" time="2.308" errors="0" timestamp="2025-06-30T11:23:49 IST" skipped="0">
  <testcase classname="validLoginTesting.SponsorsValidations" name="allSponsorsValidationTest" time="2.308">
    <system-out>
      <![CDATA[Sponsor Metapercept Technology Services LLP is NOT present in database.
Sponsor metR is present in database.
Sponsor Tech Connect is present in database.]]>
    </system-out>
  </testcase> <!-- allSponsorsValidationTest -->
  <system-out>
    <![CDATA[Sponsor Metapercept Technology Services LLP is NOT present in database.
Sponsor metR is present in database.
Sponsor Tech Connect is present in database.]]>
  </system-out>
</testsuite> <!-- validLoginTesting.SponsorsValidations -->
