<?xml version="1.0" encoding="UTF-8"?>
<!-- Generated by org.testng.reporters.JUnitReportReporter -->
<testsuite hostname="DESKTOP-AV62DVG" failures="0" tests="1" name="validLoginTesting.ConferenceAttendeeValidation" time="4.814" errors="0" timestamp="2025-06-30T13:02:48 IST" skipped="0">
  <testcase classname="validLoginTesting.ConferenceAttendeeValidation" name="conferenceAttendeeValidationTest" time="4.814">
    <system-out>
      <![CDATA[UI Attendee Count for Event AI Automation Testing : 2
DB Attendee Countfor Event AI Automation Testing : 2
Attendee Kajal Rokade (kajal.jr@metapercept.com) registered for event 'AI Automation Testing' is present in the database.
Attendee Ashish Gupta (ashish.kg@metapercept.com) registered for event 'AI Automation Testing' is present in the database.]]>
    </system-out>
  </testcase> <!-- conferenceAttendeeValidationTest -->
  <system-out>
    <![CDATA[UI Attendee Count for Event AI Automation Testing : 2
DB Attendee Countfor Event AI Automation Testing : 2
Attendee Kajal Rokade (kajal.jr@metapercept.com) registered for event 'AI Automation Testing' is present in the database.
Attendee Ashish Gupta (ashish.kg@metapercept.com) registered for event 'AI Automation Testing' is present in the database.]]>
  </system-out>
</testsuite> <!-- validLoginTesting.ConferenceAttendeeValidation -->
