<?xml version="1.0" encoding="UTF-8"?>
<!-- Generated by org.testng.reporters.JUnitReportReporter -->
<testsuite hostname="DESKTOP-AV62DVG" failures="0" tests="1" name="storedProcedureTesting.SPTesting" time="0.074" errors="0" timestamp="2025-06-23T18:19:26 IST" skipped="0">
  <testcase classname="storedProcedureTesting.SPTesting" name="testStoredProcedureExists" time="0.074"/>
</testsuite> <!-- storedProcedureTesting.SPTesting -->
