<?xml version="1.0" encoding="UTF-8"?>
<!-- Generated by org.testng.reporters.JUnitReportReporter -->
<testsuite hostname="DESKTOP-AV62DVG" failures="0" tests="1" name="validLoginTesting.ValidLoginTesting" time="2.481" errors="0" timestamp="2025-06-27T15:23:08 IST" skipped="0">
  <testcase classname="validLoginTesting.ValidLoginTesting" name="testValidLogin" time="2.481">
    <system-out>
      <![CDATA[Successfully connected to database
Logged in Admin email found in database with active status. Email Found: kajal.jr@metapercept.com
Database connection closed successfully]]>
    </system-out>
  </testcase> <!-- testValidLogin -->
  <system-out>
    <![CDATA[Successfully connected to database
Logged in Admin email found in database with active status. Email Found: kajal.jr@metapercept.com
Database connection closed successfully]]>
  </system-out>
</testsuite> <!-- validLoginTesting.ValidLoginTesting -->
