<?xml version="1.0" encoding="UTF-8"?>
<!-- Generated by org.testng.reporters.JUnitReportReporter -->
<testsuite hostname="DESKTOP-AV62DVG" failures="0" tests="1" name="validLoginTesting.SPTesting" time="0.068" errors="0" timestamp="2025-06-27T11:00:14 IST" skipped="0">
  <testcase classname="validLoginTesting.SPTesting" name="testStoredProcedureExists" time="0.068"/>
</testsuite> <!-- validLoginTesting.SPTesting -->
